::1 - - [05/Jan/2019:22:59:08 +0000] "GET /socket.io/?EIO=3&transport=polling&t=MWWFT6d HTTP/1.1" 404 149 "http://localhost:8080/status" "Mozilla/5.0 (Windows NT 10.0; Win64; x64) AppleWebKit/537.36 (KHTML, like Gecko) Chrome/71.0.3578.98 Safari/537.36"
::1 - - [05/Jan/2019:22:59:18 +0000] "GET /status HTTP/1.1" 304 - "-" "Mozilla/5.0 (Windows NT 10.0; Win64; x64) AppleWebKit/537.36 (KHTML, like Gecko) Chrome/71.0.3578.98 Safari/537.36"
::1 - - [05/Jan/2019:22:59:20 +0000] "GET /status HTTP/1.1" 304 - "-" "Mozilla/5.0 (Windows NT 10.0; Win64; x64) AppleWebKit/537.36 (KHTML, like Gecko) Chrome/71.0.3578.98 Safari/537.36"
::1 - - [05/Jan/2019:22:59:48 +0000] "GET /status HTTP/1.1" 304 - "-" "Mozilla/5.0 (Windows NT 10.0; Win64; x64) AppleWebKit/537.36 (KHTML, like Gecko) Chrome/71.0.3578.98 Safari/537.36"
::1 - - [05/Jan/2019:23:00:16 +0000] "GET /socket.io/?EIO=3&transport=polling&t=MWWFjj8 HTTP/1.1" 404 149
::1 - - [05/Jan/2019:23:00:22 +0000] "GET /status HTTP/1.1" 304 -
::1 - - [05/Jan/2019:23:00:43 +0000] "GET /socket.io/?EIO=3&transport=polling&t=MWWFqJ1 HTTP/1.1" 404 149
::1 - - [05/Jan/2019:23:00:56 +0000] "GET /status HTTP/1.1" 304 -
::1 - - [05/Jan/2019:23:01:45 +0000] "GET /socket.io/?EIO=3&transport=polling&t=MWWG3Rn HTTP/1.1" 404 149
::1 - - [05/Jan/2019:23:04:04 +0000] "GET /socket.io/?EIO=3&transport=polling&t=MWWGbNd HTTP/1.1" 404 149
::1 - - [05/Jan/2019:23:05:57 +0000] "GET /status HTTP/1.1" 304 -
::1 - - [05/Jan/2019:23:06:00 +0000] "GET /status HTTP/1.1" 304 -
combinend
combinend
combinend
combinend
combinend
combinend
::1 - - [05/Jan/2019:23:07:32 +0000] "GET /socket.io/?EIO=3&transport=polling&t=MWWHO1Z HTTP/1.1" 404 149 "http://localhost:8080/status" "Mozilla/5.0 (Windows NT 10.0; Win64; x64) AppleWebKit/537.36 (KHTML, like Gecko) Chrome/71.0.3578.98 Safari/537.36"
::1 - - [05/Jan/2019:23:08:09 +0000] "GET /socket.io/?EIO=3&transport=polling&t=MWWHX3i HTTP/1.1" 404 149 "http://localhost:8080/status" "Mozilla/5.0 (Windows NT 10.0; Win64; x64) AppleWebKit/537.36 (KHTML, like Gecko) Chrome/71.0.3578.98 Safari/537.36"
::1 - - [05/Jan/2019:23:08:19 +0000] "GET /socket.io/?EIO=3&transport=polling&t=MWWHZbG HTTP/1.1" 404 149 "http://localhost:8080/status" "Mozilla/5.0 (Windows NT 10.0; Win64; x64) AppleWebKit/537.36 (KHTML, like Gecko) Chrome/71.0.3578.98 Safari/537.36"
::1 - - [05/Jan/2019:23:08:24 +0000] "GET /socket.io/?EIO=3&transport=polling&t=MWWHaoU HTTP/1.1" 404 149 "http://localhost:8080/status" "Mozilla/5.0 (Windows NT 10.0; Win64; x64) AppleWebKit/537.36 (KHTML, like Gecko) Chrome/71.0.3578.98 Safari/537.36"
::1 - - [05/Jan/2019:23:08:27 +0000] "GET /status HTTP/1.1" 304 - "-" "Mozilla/5.0 (Windows NT 10.0; Win64; x64) AppleWebKit/537.36 (KHTML, like Gecko) Chrome/71.0.3578.98 Safari/537.36"
::1 - - [05/Jan/2019:23:08:37 +0000] "GET /socket.io/?EIO=3&transport=polling&t=MWWHdyT HTTP/1.1" 404 149 "http://localhost:8080/status" "Mozilla/5.0 (Windows NT 10.0; Win64; x64) AppleWebKit/537.36 (KHTML, like Gecko) Chrome/71.0.3578.98 Safari/537.36"
::1 - - [05/Jan/2019:23:08:48 +0000] "GET /socket.io/?EIO=3&transport=polling&t=MWWHghV HTTP/1.1" 404 149 "http://localhost:8080/status" "Mozilla/5.0 (Windows NT 10.0; Win64; x64) AppleWebKit/537.36 (KHTML, like Gecko) Chrome/71.0.3578.98 Safari/537.36"
::1 - - [05/Jan/2019:23:08:51 +0000] "GET /socket.io/?EIO=3&transport=polling&t=MWWHhJG HTTP/1.1" 404 149 "http://localhost:8080/status" "Mozilla/5.0 (Windows NT 10.0; Win64; x64) AppleWebKit/537.36 (KHTML, like Gecko) Chrome/71.0.3578.98 Safari/537.36"
::1 - - [05/Jan/2019:23:09:45 +0000] "GET /socket.io/?EIO=3&transport=polling&t=MWWHudk HTTP/1.1" 404 149 "http://localhost:8080/status" "Mozilla/5.0 (Windows NT 10.0; Win64; x64) AppleWebKit/537.36 (KHTML, like Gecko) Chrome/71.0.3578.98 Safari/537.36"
::1 - - [05/Jan/2019:23:10:45 +0000] "GET /socket.io/?EIO=3&transport=polling&t=MWWI7HG HTTP/1.1" 404 149 "http://localhost:8080/status" "Mozilla/5.0 (Windows NT 10.0; Win64; x64) AppleWebKit/537.36 (KHTML, like Gecko) Chrome/71.0.3578.98 Safari/537.36"
::1 - - [05/Jan/2019:23:11:17 +0000] "GET /socket.io/?EIO=3&transport=polling&t=MWWIF5G HTTP/1.1" 404 149 "http://localhost:8080/status" "Mozilla/5.0 (Windows NT 10.0; Win64; x64) AppleWebKit/537.36 (KHTML, like Gecko) Chrome/71.0.3578.98 Safari/537.36"
::1 - - [05/Jan/2019:23:11:52 +0000] "GET /socket.io/?EIO=3&transport=polling&t=MWWINe7 HTTP/1.1" 404 149 "http://localhost:8080/status" "Mozilla/5.0 (Windows NT 10.0; Win64; x64) AppleWebKit/537.36 (KHTML, like Gecko) Chrome/71.0.3578.98 Safari/537.36"
::1 - - [05/Jan/2019:23:13:13 +0000] "GET /socket.io/?EIO=3&transport=polling&t=MWWIhPl HTTP/1.1" 404 149 "http://localhost:8080/status" "Mozilla/5.0 (Windows NT 10.0; Win64; x64) AppleWebKit/537.36 (KHTML, like Gecko) Chrome/71.0.3578.98 Safari/537.36"
GET /socket.io/?EIO=3&transport=polling&t=MWWIj76 404 149 - 30.540 ms
GET /status 304 - - 14.917 ms
Sat, 05 Jan 2019 23:13:49 GMT GET /socket.io/?EIO=3&transport=polling&t=MWWIq2R 404 149 - 39.207 ms
Sat, 05 Jan 2019 23:13:55 GMT GET /status 304 - - 14.292 ms
::1 - - [05/Jan/2019:23:14:43 +0000] "GET /socket.io/?EIO=3&transport=polling&t=MWWJ1KD HTTP/1.1" 404 149 "http://localhost:8080/status" "Mozilla/5.0 (Windows NT 10.0; Win64; x64) AppleWebKit/537.36 (KHTML, like Gecko) Chrome/71.0.3578.98 Safari/537.36"
::1 - - [05/Jan/2019:23:14:49 +0000] "GET /status HTTP/1.1" 304 - "-" "Mozilla/5.0 (Windows NT 10.0; Win64; x64) AppleWebKit/537.36 (KHTML, like Gecko) Chrome/71.0.3578.98 Safari/537.36"
::1 - - [05/Jan/2019:23:16:36 +0000] "GET /socket.io/?EIO=3&transport=polling&t=MWWJSzg HTTP/1.1" 404 149 "http://localhost:8080/status" "Mozilla/5.0 (Windows NT 10.0; Win64; x64) AppleWebKit/537.36 (KHTML, like Gecko) Chrome/71.0.3578.98 Safari/537.36"
::1 - - [05/Jan/2019:23:18:56 +0000] "GET /socket.io/?EIO=3&transport=polling&t=MWWJ-yG HTTP/1.1" 404 149 "http://localhost:8080/status" "Mozilla/5.0 (Windows NT 10.0; Win64; x64) AppleWebKit/537.36 (KHTML, like Gecko) Chrome/71.0.3578.98 Safari/537.36"
::1 - - [05/Jan/2019:23:19:01 +0000] "GET /status HTTP/1.1" 304 - "-" "Mozilla/5.0 (Windows NT 10.0; Win64; x64) AppleWebKit/537.36 (KHTML, like Gecko) Chrome/71.0.3578.98 Safari/537.36"
::1 - - [05/Jan/2019:23:19:14 +0000] "GET /socket.io/?EIO=3&transport=polling&t=MWWK3TV HTTP/1.1" 404 149 "http://localhost:8080/status" "Mozilla/5.0 (Windows NT 10.0; Win64; x64) AppleWebKit/537.36 (KHTML, like Gecko) Chrome/71.0.3578.98 Safari/537.36"
::1 - - [05/Jan/2019:23:19:15 +0000] "GET /status HTTP/1.1" 304 - "-" "Mozilla/5.0 (Windows NT 10.0; Win64; x64) AppleWebKit/537.36 (KHTML, like Gecko) Chrome/71.0.3578.98 Safari/537.36"
::1 - - [05/Jan/2019:23:19:25 +0000] "GET /status HTTP/1.1" 304 - "-" "Mozilla/5.0 (Windows NT 10.0; Win64; x64) AppleWebKit/537.36 (KHTML, like Gecko) Chrome/71.0.3578.98 Safari/537.36"
::1 - - [05/Jan/2019:23:19:34 +0000] "GET /status HTTP/1.1" 304 - "-" "Mozilla/5.0 (Windows NT 10.0; Win64; x64) AppleWebKit/537.36 (KHTML, like Gecko) Chrome/71.0.3578.98 Safari/537.36"
::1 - - [05/Jan/2019:23:19:40 +0000] "GET /status HTTP/1.1" 304 - "-" "Mozilla/5.0 (Windows NT 10.0; Win64; x64) AppleWebKit/537.36 (KHTML, like Gecko) Chrome/71.0.3578.98 Safari/537.36"
::1 - - [05/Jan/2019:23:21:15 +0000] "GET /status HTTP/1.1" 304 - "-" "Mozilla/5.0 (Windows NT 10.0; Win64; x64) AppleWebKit/537.36 (KHTML, like Gecko) Chrome/71.0.3578.98 Safari/537.36"
::1 - - [05/Jan/2019:23:22:00 +0000] "GET /status HTTP/1.1" 304 - "-" "Mozilla/5.0 (Windows NT 10.0; Win64; x64) AppleWebKit/537.36 (KHTML, like Gecko) Chrome/71.0.3578.98 Safari/537.36"
::1 - - [05/Jan/2019:23:23:44 +0000] "GET /socket.io/?EIO=3&transport=polling&t=MWWL5L2 HTTP/1.1" 404 149 "http://localhost:8080/status" "Mozilla/5.0 (Windows NT 10.0; Win64; x64) AppleWebKit/537.36 (KHTML, like Gecko) Chrome/71.0.3578.98 Safari/537.36"
::1 - - [05/Jan/2019:23:23:48 +0000] "GET /status HTTP/1.1" 304 - "-" "Mozilla/5.0 (Windows NT 10.0; Win64; x64) AppleWebKit/537.36 (KHTML, like Gecko) Chrome/71.0.3578.98 Safari/537.36"
::ffff:127.0.0.1 - - [05/Jan/2019:23:26:40 +0000] "GET /socket.io/?EIO=3&transport=polling&t=MWWLmR7 HTTP/1.1" 404 149 "http://localhost:8080/status" "Mozilla/5.0 (Windows NT 10.0; Win64; x64) AppleWebKit/537.36 (KHTML, like Gecko) Chrome/71.0.3578.98 Safari/537.36"
::1 - - [05/Jan/2019:23:28:10 +0000] "GET /socket.io/?EIO=3&transport=polling&t=MWWM5w8 HTTP/1.1" 404 149 "http://localhost:8080/status" "Mozilla/5.0 (Windows NT 10.0; Win64; x64) AppleWebKit/537.36 (KHTML, like Gecko) Chrome/71.0.3578.98 Safari/537.36"
